<?xml version="1.0" encoding="UTF-8"?>
<!-- Generated by org.testng.reporters.JUnitXMLReporter -->
<testsuite ignored="1" hostname="DESKTOP-H76L829" failures="0" tests="16" name="First Test" time="1.664" errors="0" timestamp="2025-10-15T01:41:50 IST">
  <testcase classname="org.testng.TestNGGroup" name="iphone16ProMax" time="0.0"/>
  <testcase classname="org.testng.TestNGGroup" name="iphone17ProMax" time="0.0"/>
  <testcase classname="org.testng.TestNGGroup" name="motoEdge60" time="0.0"/>
  <testcase classname="org.testng.TestNGGroup" name="motoG35" time="0.001"/>
  <testcase classname="org.testng.TestNGGroup" name="s23Ultra" time="0.0"/>
  <testcase classname="org.testng.TestNGGroup" name="s24Ultra" time="0.0"/>
  <testcase classname="org.testng.TestNGDependMethods" name="higherSecondary" time="0.002"/>
  <testcase classname="org.testng.TestNGDependMethods" name="ugCourse" time="0.0"/>
  <testcase classname="org.testng.TestNGDependMethods" name="pgCourse" time="0.002"/>
  <testcase classname="org.testng.TestNGPractice" name="startTheCar" time="0.0"/>
  <testcase classname="org.testng.TestNGPractice" name="switchToFirstGear" time="0.0"/>
  <testcase classname="org.testng.TestNGPractice" name="switchToSecondGear" time="0.0"/>
  <testcase classname="org.testng.TestNGPractice" name="switchToThirdGear" time="0.0"/>
  <testcase classname="org.testng.TestNGPractice" name="switchToFourthGear" time="0.002"/>
  <testcase classname="org.testng.TestNGSuite" name="openBing" time="1.217"/>
  <testcase classname="org.testng.TestNGSuite" name="openGoogle" time="0.287"/>
  <testcase classname="org.testng.TestNGPractice" name="startTheMusic" time="0.0">
    <ignored/>
  </testcase> <!-- startTheMusic -->
</testsuite> <!-- First Test -->
