<?xml version="1.0" encoding="UTF-8"?>
<!-- Generated by org.testng.reporters.JUnitReportReporter -->
<testsuite hostname="DESKTOP-H76L829" failures="0" tests="3" name="org.testng.TestNGDependMethods" time="0.004" errors="0" timestamp="2025-10-15T01:41:51 IST" skipped="0">
  <testcase classname="org.testng.TestNGDependMethods" name="higherSecondary" time="0.002"/>
  <testcase classname="org.testng.TestNGDependMethods" name="ugCourse" time="0.000"/>
  <testcase classname="org.testng.TestNGDependMethods" name="pgCourse" time="0.002"/>
</testsuite> <!-- org.testng.TestNGDependMethods -->
