<?xml version="1.0" encoding="UTF-8"?>
<!-- Generated by org.testng.reporters.JUnitReportReporter -->
<testsuite hostname="DESKTOP-H76L829" failures="0" tests="6" name="org.testng.TestNGGroup" time="0.001" errors="0" timestamp="2025-10-15T01:41:51 IST" skipped="0">
  <testcase classname="org.testng.TestNGGroup" name="motoEdge60" time="0.000"/>
  <testcase classname="org.testng.TestNGGroup" name="s23Ultra" time="0.000"/>
  <testcase classname="org.testng.TestNGGroup" name="iphone16ProMax" time="0.000"/>
  <testcase classname="org.testng.TestNGGroup" name="s24Ultra" time="0.000"/>
  <testcase classname="org.testng.TestNGGroup" name="iphone17ProMax" time="0.000"/>
  <testcase classname="org.testng.TestNGGroup" name="motoG35" time="0.001"/>
</testsuite> <!-- org.testng.TestNGGroup -->
