<?xml version="1.0" encoding="UTF-8"?>
<!-- Generated by org.testng.reporters.JUnitReportReporter -->
<testsuite hostname="DESKTOP-H76L829" failures="0" tests="6" name="org.testng.TestNGPractice" time="0.002" errors="0" timestamp="2025-10-15T01:41:51 IST" skipped="1">
  <testcase classname="org.testng.TestNGPractice" name="startTheCar" time="0.000"/>
  <testcase classname="org.testng.TestNGPractice" name="switchToFirstGear" time="0.000"/>
  <testcase classname="org.testng.TestNGPractice" name="switchToSecondGear" time="0.000"/>
  <testcase classname="org.testng.TestNGPractice" name="switchToThirdGear" time="0.000"/>
  <testcase classname="org.testng.TestNGPractice" name="switchToFourthGear" time="0.002"/>
  <testcase classname="org.testng.TestNGPractice" name="startTheMusic">
    <skipped/>
  </testcase> <!-- startTheMusic -->
</testsuite> <!-- org.testng.TestNGPractice -->
