<?xml version="1.0" encoding="UTF-8"?>
<testng-results ignored="0" total="16" passed="16" failed="0" skipped="0">
  <reporter-output>
  </reporter-output>
  <suite started-at="2025-10-15T01:41:48 IST" name="TestNG Practice" finished-at="2025-10-15T01:41:50 IST" duration-ms="1664">
    <groups>
      <group name="Apple">
        <method signature="TestNGGroup.iphone16ProMax()[pri:0, instance:org.testng.TestNGGroup@222545dc]" name="iphone16ProMax" class="org.testng.TestNGGroup"/>
        <method signature="TestNGGroup.iphone17ProMax()[pri:0, instance:org.testng.TestNGGroup@222545dc]" name="iphone17ProMax" class="org.testng.TestNGGroup"/>
      </group> <!-- Apple -->
      <group name="Moto">
        <method signature="TestNGGroup.motoEdge60()[pri:0, instance:org.testng.TestNGGroup@222545dc]" name="motoEdge60" class="org.testng.TestNGGroup"/>
        <method signature="TestNGGroup.motoG35()[pri:0, instance:org.testng.TestNGGroup@222545dc]" name="motoG35" class="org.testng.TestNGGroup"/>
      </group> <!-- Moto -->
      <group name="Samsung">
        <method signature="TestNGGroup.s23Ultra()[pri:0, instance:org.testng.TestNGGroup@222545dc]" name="s23Ultra" class="org.testng.TestNGGroup"/>
        <method signature="TestNGGroup.s24Ultra()[pri:0, instance:org.testng.TestNGGroup@222545dc]" name="s24Ultra" class="org.testng.TestNGGroup"/>
      </group> <!-- Samsung -->
    </groups>
    <test started-at="2025-10-15T01:41:48 IST" name="First Test" finished-at="2025-10-15T01:41:50 IST" duration-ms="1664">
      <class name="org.testng.TestNGSuite">
        <test-method is-config="true" signature="beforeTest()[pri:0, instance:org.testng.TestNGSuite@443118b0]" started-at="2025-10-15T01:41:45 IST" name="beforeTest" finished-at="2025-10-15T01:41:48 IST" duration-ms="3047" status="PASS">
          <reporter-output>
          </reporter-output>
        </test-method> <!-- beforeTest -->
        <test-method signature="openBing()[pri:0, instance:org.testng.TestNGSuite@443118b0]" started-at="2025-10-15T01:41:49 IST" name="openBing" finished-at="2025-10-15T01:41:50 IST" duration-ms="1217" status="PASS">
          <reporter-output>
          </reporter-output>
        </test-method> <!-- openBing -->
        <test-method signature="openGoogle()[pri:0, instance:org.testng.TestNGSuite@443118b0]" started-at="2025-10-15T01:41:50 IST" name="openGoogle" finished-at="2025-10-15T01:41:50 IST" duration-ms="287" status="PASS">
          <reporter-output>
          </reporter-output>
        </test-method> <!-- openGoogle -->
        <test-method is-config="true" signature="afterTest()[pri:0, instance:org.testng.TestNGSuite@443118b0]" started-at="2025-10-15T01:41:50 IST" name="afterTest" finished-at="2025-10-15T01:41:51 IST" duration-ms="255" status="PASS">
          <reporter-output>
          </reporter-output>
        </test-method> <!-- afterTest -->
      </class> <!-- org.testng.TestNGSuite -->
      <class name="org.testng.TestNGPractice">
        <test-method signature="startTheCar()[pri:1, instance:org.testng.TestNGPractice@4550bb58]" started-at="2025-10-15T01:41:49 IST" name="startTheCar" finished-at="2025-10-15T01:41:49 IST" duration-ms="0" status="PASS">
          <reporter-output>
          </reporter-output>
        </test-method> <!-- startTheCar -->
        <test-method signature="switchToFirstGear()[pri:2, instance:org.testng.TestNGPractice@4550bb58]" started-at="2025-10-15T01:41:49 IST" name="switchToFirstGear" finished-at="2025-10-15T01:41:49 IST" duration-ms="0" status="PASS">
          <reporter-output>
          </reporter-output>
        </test-method> <!-- switchToFirstGear -->
        <test-method signature="switchToSecondGear()[pri:3, instance:org.testng.TestNGPractice@4550bb58]" started-at="2025-10-15T01:41:49 IST" name="switchToSecondGear" finished-at="2025-10-15T01:41:49 IST" duration-ms="0" status="PASS">
          <reporter-output>
          </reporter-output>
        </test-method> <!-- switchToSecondGear -->
        <test-method signature="switchToThirdGear()[pri:4, instance:org.testng.TestNGPractice@4550bb58]" started-at="2025-10-15T01:41:49 IST" name="switchToThirdGear" finished-at="2025-10-15T01:41:49 IST" duration-ms="0" status="PASS">
          <reporter-output>
          </reporter-output>
        </test-method> <!-- switchToThirdGear -->
        <test-method signature="switchToFourthGear()[pri:5, instance:org.testng.TestNGPractice@4550bb58]" started-at="2025-10-15T01:41:49 IST" name="switchToFourthGear" finished-at="2025-10-15T01:41:49 IST" duration-ms="2" status="PASS">
          <reporter-output>
          </reporter-output>
        </test-method> <!-- switchToFourthGear -->
      </class> <!-- org.testng.TestNGPractice -->
      <class name="org.testng.TestNGGroup">
        <test-method signature="iphone16ProMax()[pri:0, instance:org.testng.TestNGGroup@222545dc]" started-at="2025-10-15T01:41:49 IST" name="iphone16ProMax" finished-at="2025-10-15T01:41:49 IST" duration-ms="0" status="PASS">
          <reporter-output>
          </reporter-output>
        </test-method> <!-- iphone16ProMax -->
        <test-method signature="iphone17ProMax()[pri:0, instance:org.testng.TestNGGroup@222545dc]" started-at="2025-10-15T01:41:49 IST" name="iphone17ProMax" finished-at="2025-10-15T01:41:49 IST" duration-ms="0" status="PASS">
          <reporter-output>
          </reporter-output>
        </test-method> <!-- iphone17ProMax -->
        <test-method signature="motoEdge60()[pri:0, instance:org.testng.TestNGGroup@222545dc]" started-at="2025-10-15T01:41:49 IST" name="motoEdge60" finished-at="2025-10-15T01:41:49 IST" duration-ms="0" status="PASS">
          <reporter-output>
          </reporter-output>
        </test-method> <!-- motoEdge60 -->
        <test-method signature="motoG35()[pri:0, instance:org.testng.TestNGGroup@222545dc]" started-at="2025-10-15T01:41:49 IST" name="motoG35" finished-at="2025-10-15T01:41:49 IST" duration-ms="1" status="PASS">
          <reporter-output>
          </reporter-output>
        </test-method> <!-- motoG35 -->
        <test-method signature="s23Ultra()[pri:0, instance:org.testng.TestNGGroup@222545dc]" started-at="2025-10-15T01:41:49 IST" name="s23Ultra" finished-at="2025-10-15T01:41:49 IST" duration-ms="0" status="PASS">
          <reporter-output>
          </reporter-output>
        </test-method> <!-- s23Ultra -->
        <test-method signature="s24Ultra()[pri:0, instance:org.testng.TestNGGroup@222545dc]" started-at="2025-10-15T01:41:49 IST" name="s24Ultra" finished-at="2025-10-15T01:41:49 IST" duration-ms="0" status="PASS">
          <reporter-output>
          </reporter-output>
        </test-method> <!-- s24Ultra -->
      </class> <!-- org.testng.TestNGGroup -->
      <class name="org.testng.TestNGDependMethods">
        <test-method signature="higherSecondary()[pri:1, instance:org.testng.TestNGDependMethods@c8c12ac]" started-at="2025-10-15T01:41:49 IST" name="higherSecondary" finished-at="2025-10-15T01:41:49 IST" duration-ms="2" status="PASS">
          <reporter-output>
          </reporter-output>
        </test-method> <!-- higherSecondary -->
        <test-method signature="ugCourse()[pri:2, instance:org.testng.TestNGDependMethods@c8c12ac]" started-at="2025-10-15T01:41:49 IST" name="ugCourse" finished-at="2025-10-15T01:41:49 IST" depends-on-methods="org.testng.TestNGDependMethods.higherSecondary" duration-ms="0" status="PASS">
          <reporter-output>
          </reporter-output>
        </test-method> <!-- ugCourse -->
        <test-method signature="pgCourse()[pri:3, instance:org.testng.TestNGDependMethods@c8c12ac]" started-at="2025-10-15T01:41:49 IST" name="pgCourse" finished-at="2025-10-15T01:41:49 IST" depends-on-methods="org.testng.TestNGDependMethods.ugCourse" duration-ms="2" status="PASS">
          <reporter-output>
          </reporter-output>
        </test-method> <!-- pgCourse -->
      </class> <!-- org.testng.TestNGDependMethods -->
    </test> <!-- First Test -->
  </suite> <!-- TestNG Practice -->
</testng-results>
